blackbox.exe:Black Box
bridges.exe:Bridges
cube.exe:Cube
dominosa.exe:Dominosa
fifteen.exe:Fifteen
filling.exe:Filling
flip.exe:Flip
galaxies.exe:Galaxies
guess.exe:Guess
inertia.exe:Inertia
keen.exe:Keen
lightup.exe:Light Up
loopy.exe:Loopy
magnets.exe:Magnets
map.exe:Map
mines.exe:Mines
netgame.exe:Net
netslide.exe:Netslide
pattern.exe:Pattern
pearl.exe:Pearl
pegs.exe:Pegs
range.exe:Range
rect.exe:Rectangles
samegame.exe:Same Game
signpost.exe:Signpost
singles.exe:Singles
sixteen.exe:Sixteen
slant.exe:Slant
solo.exe:Solo
tents.exe:Tents
towers.exe:Towers
twiddle.exe:Twiddle
undead.exe:Undead
unequal.exe:Unequal
unruly.exe:Unruly
untangle.exe:Untangle
